### Starting TaskPrologue of job 3859341 on a0932 at Wed Jul 15 13:24:49 CEST 2026
Running on cores 32-63 with governor performance
Wed Jul 15 13:24:49 2026       
+-----------------------------------------------------------------------------------------+
| NVIDIA-SMI 610.43.02              KMD Version: 610.43.02     CUDA UMD Version: 13.3     |
+-----------------------------------------+------------------------+----------------------+
| GPU  Name                 Persistence-M | Bus-Id          Disp.A | Volatile Uncorr. ECC |
| Fan  Temp   Perf          Pwr:Usage/Cap |           Memory-Usage | GPU-Util  Compute M. |
|                                         |                        |               MIG M. |
|=========================================+========================+======================|
|   0  NVIDIA A100-SXM4-80GB          On  |   00000000:49:00.0 Off |                    0 |
| N/A   31C    P0             63W /  400W |       0MiB /  81920MiB |      0%      Default |
|                                         |                        |             Disabled |
+-----------------------------------------+------------------------+----------------------+
|   1  NVIDIA A100-SXM4-80GB          On  |   00000000:4F:00.0 Off |                    0 |
| N/A   34C    P0             64W /  400W |       0MiB /  81920MiB |      0%      Default |
|                                         |                        |             Disabled |
+-----------------------------------------+------------------------+----------------------+

+-----------------------------------------------------------------------------------------+
| Processes:                                                                              |
|  GPU   GI   CI              PID   Type   Process name                        GPU Memory |
|        ID   ID                                                               Usage      |
|=========================================================================================|
|  No running processes found                                                             |
+-----------------------------------------------------------------------------------------+
### Finished TaskPrologue

Using the latest cached version of the dataset since pinzhenchen/wmt26-mist-sample couldn't be found on the Hugging Face Hub (offline mode is enabled).
Found the latest cached dataset configuration 'default' at /home/hpc/b279bb/b279bb31/hf_datasets_cache/pinzhenchen___wmt26-mist-sample/default/0.0.0/907fcb57c15dcce0478d4bf8b59b437d5aebd88d (last modified on Tue Jul 14 23:54:09 2026).
W0715 13:25:22.382000 728575 torch/utils/_pytree.py:630] <enum 'KernelPreference'> is an Enum subclass and is now natively supported by torch.compile as an opaque value type. Calling register_constant() on Enum subclasses is deprecated and will be an error in a future release.
W0715 13:25:22.468000 728575 torch/utils/_pytree.py:630] <enum 'ScaleCalculationMode'> is an Enum subclass and is now natively supported by torch.compile as an opaque value type. Calling register_constant() on Enum subclasses is deprecated and will be an error in a future release.
[transformers] `torch_dtype` is deprecated! Use `dtype` instead!
train rows: 15 after shard=None, limit=15; 15 to generate
Traceback (most recent call last):
  File "/home/hpc/b279bb/b279bb31/MIST-26/scripts/teacher_generate.py", line 138, in <module>
    main()
  File "/home/hpc/b279bb/b279bb31/MIST-26/scripts/teacher_generate.py", line 97, in main
    model = AutoModelForImageTextToText.from_pretrained(
            ^^^^^^^^^^^^^^^^^^^^^^^^^^^^^^^^^^^^^^^^^^^^
  File "/home/hpc/b279bb/b279bb31/mist-venv2/lib/python3.12/site-packages/transformers/models/auto/auto_factory.py", line 402, in from_pretrained
    return model_class.from_pretrained(
           ^^^^^^^^^^^^^^^^^^^^^^^^^^^^
  File "/home/hpc/b279bb/b279bb31/mist-venv2/lib/python3.12/site-packages/transformers/modeling_utils.py", line 4326, in from_pretrained
    hf_quantizer, config, device_map = get_hf_quantizer(
                                       ^^^^^^^^^^^^^^^^^
  File "/home/hpc/b279bb/b279bb31/mist-venv2/lib/python3.12/site-packages/transformers/quantizers/auto.py", line 346, in get_hf_quantizer
    hf_quantizer = AutoHfQuantizer.from_config(
                   ^^^^^^^^^^^^^^^^^^^^^^^^^^^^
  File "/home/hpc/b279bb/b279bb31/mist-venv2/lib/python3.12/site-packages/transformers/quantizers/auto.py", line 220, in from_config
    return target_cls(quantization_config, **kwargs)
           ^^^^^^^^^^^^^^^^^^^^^^^^^^^^^^^^^^^^^^^^^
  File "/home/hpc/b279bb/b279bb31/mist-venv2/lib/python3.12/site-packages/transformers/quantizers/quantizer_gptq.py", line 53, in __init__
    raise ImportError("Loading a GPTQ quantized model requires optimum (`pip install optimum`)")
ImportError: Loading a GPTQ quantized model requires optimum (`pip install optimum`)
Exception ignored in: <function ResourceTracker.__del__ at 0x14a17e3a28e0>
Traceback (most recent call last):
  File "/home/hpc/b279bb/b279bb31/mist-venv2/lib/python3.12/site-packages/multiprocess/resource_tracker.py", line 80, in __del__
  File "/home/hpc/b279bb/b279bb31/mist-venv2/lib/python3.12/site-packages/multiprocess/resource_tracker.py", line 89, in _stop
  File "/home/hpc/b279bb/b279bb31/mist-venv2/lib/python3.12/site-packages/multiprocess/resource_tracker.py", line 102, in _stop_locked
AttributeError: '_thread.RLock' object has no attribute '_recursion_count'
=== JOB_STATISTICS ===
=== current date     : Wed Jul 15 13:25:28 CEST 2026
= Job-ID             : 3859341 on alex
= Job-Name           : mist-qa-smoke-teacher122b
= Job-Command        : /home/hpc/b279bb/b279bb31/MIST-26/slurm/smoke-teacher-122b.sbatch
= Initial workdir    : /home/hpc/b279bb/b279bb31/MIST-26
= Queue/Partition    : a100
= Slurm account      : b279bb with QOS=normal
= Features           : a100_80
= Requested resources:  for 01:00:00
= Elapsed runtime    : 00:01:04
= Total RAM usage    : 1.5 GiB of assigned  GiB (%)
= Node list          : a0932
= Subm/Elig/Start/End: 2026-07-15T13:24:16 / 2026-07-15T13:24:16 / 2026-07-15T13:24:24 / 2026-07-15T13:25:28
======================
=== Quota infos ======
    Path                 Used     SoftQ    HardQ    Gracetime  Filec    FileQ    FiHaQ    FileGrace    
    /home/hpc              26.8G   104.9G   209.7G        N/A      50K     500K   1,000K        N/A    
    /home/vault           403.2G  1048.6G  2097.2G        N/A     242      200K     400K        N/A    
    /home/atuin            47.8G     0.0K     0.0K        N/A      84K                          N/A    
======================
=== GPU utilization ==
gpu_name, gpu_bus_id, pid, gpu_utilization [%], mem_utilization [%], max_memory_usage [MiB], time [ms]
